<?xml version="1.0" encoding="UTF-8"?>
<!-- Generated by org.testng.reporters.JUnitReportReporter -->
<testsuite skipped="0" hostname="Raman-Dell-2012" name="com.example4.example4.TestClass2" tests="1" failures="0" timestamp="11 Mar 2021 07:37:39 GMT" time="33.058" errors="0">
  <testcase name="test12" time="33.058" classname="com.example4.example4.TestClass2"/>
</testsuite> <!-- com.example4.example4.TestClass2 -->
