<?xml version="1.0" encoding="UTF-8"?>
<!-- Generated by org.testng.reporters.JUnitReportReporter -->
<testsuite skipped="0" hostname="Raman-Dell-2012" name="com.example4.example4.NewCode" tests="1" failures="0" timestamp="15 Mar 2021 06:21:58 GMT" time="156.414" errors="0">
  <testcase name="pearson" time="156.414" classname="com.example4.example4.NewCode"/>
</testsuite> <!-- com.example4.example4.NewCode -->
